c:\users\admin\source\repos\cpp_game\debug\vc142.pdb
c:\users\admin\source\repos\cpp_game\debug\vc142.idb
c:\users\admin\source\repos\cpp_game\debug\attributes.obj
c:\users\admin\source\repos\cpp_game\debug\weapons_armor.obj
c:\users\admin\source\repos\cpp_game\debug\weapon.obj
c:\users\admin\source\repos\cpp_game\debug\sword.obj
c:\users\admin\source\repos\cpp_game\debug\playercharacter.obj
c:\users\admin\source\repos\cpp_game\debug\gamemanager.obj
c:\users\admin\source\repos\cpp_game\debug\enemy.obj
c:\users\admin\source\repos\cpp_game\debug\duelmanager.obj
c:\users\admin\source\repos\cpp_game\debug\cpp_game.obj
c:\users\admin\source\repos\cpp_game\debug\entity.obj
c:\users\admin\source\repos\cpp_game\debug\cpp_game.exe
c:\users\admin\source\repos\cpp_game\debug\cpp_game.ilk
c:\users\admin\source\repos\cpp_game\debug\cpp_game.pdb
c:\users\admin\source\repos\cpp_game\debug\cpp_game.tlog\cl.command.1.tlog
c:\users\admin\source\repos\cpp_game\debug\cpp_game.tlog\cl.read.1.tlog
c:\users\admin\source\repos\cpp_game\debug\cpp_game.tlog\cl.write.1.tlog
c:\users\admin\source\repos\cpp_game\debug\cpp_game.tlog\link.command.1.tlog
c:\users\admin\source\repos\cpp_game\debug\cpp_game.tlog\link.read.1.tlog
c:\users\admin\source\repos\cpp_game\debug\cpp_game.tlog\link.write.1.tlog
